<?xml version="1.0" encoding="UTF-8"?>
<!-- Generated by org.testng.reporters.JUnitXMLReporter -->
<testsuite ignored="4" hostname="DESKTOP-RNSAS36" failures="1" tests="1" name="Default test" time="27.248" errors="0" timestamp="2024-05-07T12:18:20 IST">
  <testcase classname="com.DemoBlaze.qa.testcases.HomePageTest" name="aboutUsLinkTest" time="4.187">
    <failure type="java.lang.ClassCastException" message="class jdk.proxy2.$Proxy12 cannot be cast to class java.util.List (jdk.proxy2.$Proxy12 is in module jdk.proxy2 of loader &amp;apos;app&amp;apos;; java.util.List is in module java.base of loader &amp;apos;bootstrap&amp;apos;)">
      <![CDATA[java.lang.ClassCastException: class jdk.proxy2.$Proxy12 cannot be cast to class java.util.List (jdk.proxy2.$Proxy12 is in module jdk.proxy2 of loader 'app'; java.util.List is in module java.base of loader 'bootstrap')
at com.DemoBlaze.qa.pages.HomePage.aboutUsLink(HomePage.java:56)
at com.DemoBlaze.qa.testcases.HomePageTest.aboutUsLinkTest(HomePageTest.java:56)
at java.base/jdk.internal.reflect.NativeMethodAccessorImpl.invoke0(Native Method)
at java.base/jdk.internal.reflect.NativeMethodAccessorImpl.invoke(NativeMethodAccessorImpl.java:77)
at java.base/jdk.internal.reflect.DelegatingMethodAccessorImpl.invoke(DelegatingMethodAccessorImpl.java:43)
at java.base/java.lang.reflect.Method.invoke(Method.java:568)
at org.testng.internal.invokers.MethodInvocationHelper.invokeMethod(MethodInvocationHelper.java:139)
at org.testng.internal.invokers.TestInvoker.invokeMethod(TestInvoker.java:664)
at org.testng.internal.invokers.TestInvoker.invokeTestMethod(TestInvoker.java:228)
at org.testng.internal.invokers.MethodRunner.runInSequence(MethodRunner.java:63)
at org.testng.internal.invokers.TestInvoker$MethodInvocationAgent.invoke(TestInvoker.java:961)
at org.testng.internal.invokers.TestInvoker.invokeTestMethods(TestInvoker.java:201)
at org.testng.internal.invokers.TestMethodWorker.invokeTestMethods(TestMethodWorker.java:148)
at org.testng.internal.invokers.TestMethodWorker.run(TestMethodWorker.java:128)
at java.base/java.util.ArrayList.forEach(ArrayList.java:1511)
at org.testng.TestRunner.privateRun(TestRunner.java:819)
at org.testng.TestRunner.run(TestRunner.java:619)
at org.testng.SuiteRunner.runTest(SuiteRunner.java:443)
at org.testng.SuiteRunner.runSequentially(SuiteRunner.java:437)
at org.testng.SuiteRunner.privateRun(SuiteRunner.java:397)
at org.testng.SuiteRunner.run(SuiteRunner.java:336)
at org.testng.SuiteRunnerWorker.runSuite(SuiteRunnerWorker.java:52)
at org.testng.SuiteRunnerWorker.run(SuiteRunnerWorker.java:95)
at org.testng.TestNG.runSuitesSequentially(TestNG.java:1301)
at org.testng.TestNG.runSuitesLocally(TestNG.java:1228)
at org.testng.TestNG.runSuites(TestNG.java:1134)
at org.testng.TestNG.run(TestNG.java:1101)
at org.testng.remote.AbstractRemoteTestNG.run(AbstractRemoteTestNG.java:115)
at org.testng.remote.RemoteTestNG.initAndRun(RemoteTestNG.java:251)
at org.testng.remote.RemoteTestNG.main(RemoteTestNG.java:77)
]]>
    </failure>
  </testcase> <!-- aboutUsLinkTest -->
  <testcase classname="com.DemoBlaze.qa.testcases.HomePageTest" name="aboutUsTest" time="0.0">
    <ignored/>
  </testcase> <!-- aboutUsTest -->
  <testcase classname="com.DemoBlaze.qa.testcases.HomePageTest" name="homePageTitleTest" time="0.0">
    <ignored/>
  </testcase> <!-- homePageTitleTest -->
  <testcase classname="com.DemoBlaze.qa.testcases.HomePageTest" name="aboutUsParaTest" time="0.0">
    <ignored/>
  </testcase> <!-- aboutUsParaTest -->
  <testcase classname="com.DemoBlaze.qa.testcases.HomePageTest" name="userNameLogoTest" time="0.0">
    <ignored/>
  </testcase> <!-- userNameLogoTest -->
</testsuite> <!-- Default test -->
